{"C:\\Users\\Avi\\cits.io-api\\rest-server\\src\\index.js": {"path":"C:\\Users\\Avi\\cits.io-api\\rest-server\\src\\index.js","statementMap":{"0":{"start":{"line":6,"column":12},"end":{"line":6,"column":23}},"1":{"start":{"line":8,"column":15},"end":{"line":8,"column":37}},"2":{"start":{"line":9,"column":13},"end":{"line":9,"column":37}},"3":{"start":{"line":11,"column":0},"end":{"line":14,"column":3}},"4":{"start":{"line":12,"column":2},"end":{"line":12,"column":27}},"5":{"start":{"line":12,"column":11},"end":{"line":12,"column":27}},"6":{"start":{"line":13,"column":2},"end":{"line":13,"column":51}}},"fnMap":{"0":{"name":"(anonymous_0)","decl":{"start":{"line":11,"column":20},"end":{"line":11,"column":21}},"loc":{"start":{"line":11,"column":29},"end":{"line":14,"column":1}},"line":11}},"branchMap":{"0":{"loc":{"start":{"line":9,"column":13},"end":{"line":9,"column":37}},"type":"binary-expr","locations":[{"start":{"line":9,"column":13},"end":{"line":9,"column":29}},{"start":{"line":9,"column":33},"end":{"line":9,"column":37}}],"line":9},"1":{"loc":{"start":{"line":12,"column":2},"end":{"line":12,"column":27}},"type":"if","locations":[{"start":{"line":12,"column":2},"end":{"line":12,"column":27}},{"start":{"line":12,"column":2},"end":{"line":12,"column":27}}],"line":12}},"s":{"0":1,"1":1,"2":1,"3":1,"4":1,"5":0,"6":1},"f":{"0":1},"b":{"0":[1,0],"1":[0,1]},"_coverageSchema":"332fd63041d2c1bcb487cc26dd0d5f7d97098a6c","hash":"709d8ab7f393bc24210c021b1b19d241a1b12517"}
,"C:\\Users\\Avi\\cits.io-api\\rest-server\\src\\components\\articles\\articlesControllers.js": {"path":"C:\\Users\\Avi\\cits.io-api\\rest-server\\src\\components\\articles\\articlesControllers.js","statementMap":{"0":{"start":{"line":10,"column":36},"end":{"line":19,"column":1}},"1":{"start":{"line":11,"column":2},"end":{"line":18,"column":3}},"2":{"start":{"line":12,"column":21},"end":{"line":12,"column":52}},"3":{"start":{"line":13,"column":72},"end":{"line":13,"column":79}},"4":{"start":{"line":14,"column":4},"end":{"line":14,"column":90}},"5":{"start":{"line":15,"column":4},"end":{"line":15,"column":41}},"6":{"start":{"line":17,"column":4},"end":{"line":17,"column":49}},"7":{"start":{"line":21,"column":37},"end":{"line":32,"column":1}},"8":{"start":{"line":22,"column":2},"end":{"line":31,"column":3}},"9":{"start":{"line":23,"column":4},"end":{"line":23,"column":25}},"10":{"start":{"line":24,"column":21},"end":{"line":24,"column":53}},"11":{"start":{"line":25,"column":4},"end":{"line":25,"column":22}},"12":{"start":{"line":26,"column":72},"end":{"line":26,"column":79}},"13":{"start":{"line":27,"column":4},"end":{"line":27,"column":93}},"14":{"start":{"line":28,"column":4},"end":{"line":28,"column":41}},"15":{"start":{"line":30,"column":4},"end":{"line":30,"column":50}},"16":{"start":{"line":34,"column":39},"end":{"line":42,"column":1}},"17":{"start":{"line":35,"column":2},"end":{"line":41,"column":3}},"18":{"start":{"line":36,"column":19},"end":{"line":36,"column":55}},"19":{"start":{"line":37,"column":4},"end":{"line":37,"column":92}},"20":{"start":{"line":38,"column":4},"end":{"line":38,"column":38}},"21":{"start":{"line":40,"column":4},"end":{"line":40,"column":52}},"22":{"start":{"line":44,"column":42},"end":{"line":52,"column":1}},"23":{"start":{"line":45,"column":2},"end":{"line":51,"column":3}},"24":{"start":{"line":46,"column":21},"end":{"line":46,"column":60}},"25":{"start":{"line":47,"column":4},"end":{"line":47,"column":95}},"26":{"start":{"line":48,"column":4},"end":{"line":48,"column":38}},"27":{"start":{"line":50,"column":4},"end":{"line":50,"column":55}}},"fnMap":{"0":{"name":"(anonymous_0)","decl":{"start":{"line":10,"column":36},"end":{"line":10,"column":37}},"loc":{"start":{"line":10,"column":56},"end":{"line":19,"column":1}},"line":10},"1":{"name":"(anonymous_1)","decl":{"start":{"line":21,"column":37},"end":{"line":21,"column":38}},"loc":{"start":{"line":21,"column":57},"end":{"line":32,"column":1}},"line":21},"2":{"name":"(anonymous_2)","decl":{"start":{"line":34,"column":39},"end":{"line":34,"column":40}},"loc":{"start":{"line":34,"column":59},"end":{"line":42,"column":1}},"line":34},"3":{"name":"(anonymous_3)","decl":{"start":{"line":44,"column":42},"end":{"line":44,"column":43}},"loc":{"start":{"line":44,"column":62},"end":{"line":52,"column":1}},"line":44}},"branchMap":{},"s":{"0":1,"1":0,"2":0,"3":0,"4":0,"5":0,"6":0,"7":1,"8":0,"9":0,"10":0,"11":0,"12":0,"13":0,"14":0,"15":0,"16":1,"17":0,"18":0,"19":0,"20":0,"21":0,"22":1,"23":0,"24":0,"25":0,"26":0,"27":0},"f":{"0":0,"1":0,"2":0,"3":0},"b":{},"_coverageSchema":"332fd63041d2c1bcb487cc26dd0d5f7d97098a6c","hash":"be325056f68ce29ce1846a3172e5fdb93a13249a"}
,"C:\\Users\\Avi\\cits.io-api\\rest-server\\src\\components\\articles\\articlesQueries.js": {"path":"C:\\Users\\Avi\\cits.io-api\\rest-server\\src\\components\\articles\\articlesQueries.js","statementMap":{"0":{"start":{"line":5,"column":31},"end":{"line":15,"column":1}},"1":{"start":{"line":6,"column":2},"end":{"line":14,"column":3}},"2":{"start":{"line":7,"column":24},"end":{"line":7,"column":52}},"3":{"start":{"line":8,"column":17},"end":{"line":8,"column":49}},"4":{"start":{"line":9,"column":4},"end":{"line":9,"column":82}},"5":{"start":{"line":10,"column":4},"end":{"line":10,"column":16}},"6":{"start":{"line":12,"column":4},"end":{"line":12,"column":43}},"7":{"start":{"line":13,"column":4},"end":{"line":13,"column":25}},"8":{"start":{"line":17,"column":32},"end":{"line":31,"column":1}},"9":{"start":{"line":18,"column":2},"end":{"line":30,"column":3}},"10":{"start":{"line":19,"column":4},"end":{"line":19,"column":23}},"11":{"start":{"line":20,"column":24},"end":{"line":20,"column":53}},"12":{"start":{"line":21,"column":4},"end":{"line":21,"column":28}},"13":{"start":{"line":22,"column":17},"end":{"line":22,"column":49}},"14":{"start":{"line":24,"column":4},"end":{"line":24,"column":33}},"15":{"start":{"line":25,"column":4},"end":{"line":25,"column":82}},"16":{"start":{"line":26,"column":4},"end":{"line":26,"column":16}},"17":{"start":{"line":28,"column":4},"end":{"line":28,"column":44}},"18":{"start":{"line":29,"column":4},"end":{"line":29,"column":25}},"19":{"start":{"line":33,"column":34},"end":{"line":44,"column":1}},"20":{"start":{"line":34,"column":2},"end":{"line":42,"column":3}},"21":{"start":{"line":35,"column":24},"end":{"line":35,"column":57}},"22":{"start":{"line":36,"column":17},"end":{"line":36,"column":49}},"23":{"start":{"line":37,"column":4},"end":{"line":37,"column":84}},"24":{"start":{"line":38,"column":4},"end":{"line":38,"column":16}},"25":{"start":{"line":40,"column":4},"end":{"line":40,"column":46}},"26":{"start":{"line":41,"column":4},"end":{"line":41,"column":25}},"27":{"start":{"line":46,"column":37},"end":{"line":56,"column":1}},"28":{"start":{"line":47,"column":2},"end":{"line":55,"column":3}},"29":{"start":{"line":48,"column":24},"end":{"line":48,"column":60}},"30":{"start":{"line":49,"column":17},"end":{"line":49,"column":49}},"31":{"start":{"line":50,"column":4},"end":{"line":50,"column":88}},"32":{"start":{"line":51,"column":4},"end":{"line":51,"column":16}},"33":{"start":{"line":53,"column":4},"end":{"line":53,"column":49}},"34":{"start":{"line":54,"column":4},"end":{"line":54,"column":25}}},"fnMap":{"0":{"name":"(anonymous_0)","decl":{"start":{"line":5,"column":31},"end":{"line":5,"column":32}},"loc":{"start":{"line":5,"column":45},"end":{"line":15,"column":1}},"line":5},"1":{"name":"(anonymous_1)","decl":{"start":{"line":17,"column":32},"end":{"line":17,"column":33}},"loc":{"start":{"line":17,"column":46},"end":{"line":31,"column":1}},"line":17},"2":{"name":"(anonymous_2)","decl":{"start":{"line":33,"column":34},"end":{"line":33,"column":35}},"loc":{"start":{"line":33,"column":50},"end":{"line":44,"column":1}},"line":33},"3":{"name":"(anonymous_3)","decl":{"start":{"line":46,"column":37},"end":{"line":46,"column":38}},"loc":{"start":{"line":46,"column":53},"end":{"line":56,"column":1}},"line":46}},"branchMap":{},"s":{"0":1,"1":0,"2":0,"3":0,"4":0,"5":0,"6":0,"7":0,"8":1,"9":0,"10":0,"11":0,"12":0,"13":0,"14":0,"15":0,"16":0,"17":0,"18":0,"19":1,"20":0,"21":0,"22":0,"23":0,"24":0,"25":0,"26":0,"27":1,"28":0,"29":0,"30":0,"31":0,"32":0,"33":0,"34":0},"f":{"0":0,"1":0,"2":0,"3":0},"b":{},"_coverageSchema":"332fd63041d2c1bcb487cc26dd0d5f7d97098a6c","hash":"00b2124b1cb810b0981808d3e7de325e24a9c2c6"}
,"C:\\Users\\Avi\\cits.io-api\\rest-server\\src\\components\\articles\\articlesRouter.js": {"path":"C:\\Users\\Avi\\cits.io-api\\rest-server\\src\\components\\articles\\articlesRouter.js","statementMap":{"0":{"start":{"line":12,"column":15},"end":{"line":12,"column":31}},"1":{"start":{"line":14,"column":0},"end":{"line":16,"column":67}},"2":{"start":{"line":18,"column":0},"end":{"line":20,"column":68}},"3":{"start":{"line":22,"column":0},"end":{"line":24,"column":35}},"4":{"start":{"line":26,"column":0},"end":{"line":28,"column":35}}},"fnMap":{},"branchMap":{},"s":{"0":1,"1":1,"2":1,"3":1,"4":1},"f":{},"b":{},"_coverageSchema":"332fd63041d2c1bcb487cc26dd0d5f7d97098a6c","hash":"8319f425aa9bbe463f562cc8728ad6e7674219b0"}
,"C:\\Users\\Avi\\cits.io-api\\rest-server\\src\\components\\articles\\articlesSQLHelpers.js": {"path":"C:\\Users\\Avi\\cits.io-api\\rest-server\\src\\components\\articles\\articlesSQLHelpers.js","statementMap":{"0":{"start":{"line":1,"column":32},"end":{"line":7,"column":1}},"1":{"start":{"line":2,"column":2},"end":{"line":6,"column":3}},"2":{"start":{"line":9,"column":33},"end":{"line":19,"column":1}},"3":{"start":{"line":10,"column":2},"end":{"line":18,"column":3}},"4":{"start":{"line":21,"column":35},"end":{"line":26,"column":1}},"5":{"start":{"line":22,"column":2},"end":{"line":25,"column":3}},"6":{"start":{"line":28,"column":38},"end":{"line":33,"column":1}},"7":{"start":{"line":29,"column":2},"end":{"line":32,"column":3}}},"fnMap":{"0":{"name":"(anonymous_0)","decl":{"start":{"line":1,"column":32},"end":{"line":1,"column":33}},"loc":{"start":{"line":1,"column":94},"end":{"line":7,"column":1}},"line":1},"1":{"name":"(anonymous_1)","decl":{"start":{"line":9,"column":33},"end":{"line":9,"column":34}},"loc":{"start":{"line":9,"column":86},"end":{"line":19,"column":1}},"line":9},"2":{"name":"(anonymous_2)","decl":{"start":{"line":21,"column":35},"end":{"line":21,"column":36}},"loc":{"start":{"line":21,"column":68},"end":{"line":26,"column":1}},"line":21},"3":{"name":"(anonymous_3)","decl":{"start":{"line":28,"column":38},"end":{"line":28,"column":39}},"loc":{"start":{"line":28,"column":59},"end":{"line":33,"column":1}},"line":28}},"branchMap":{},"s":{"0":1,"1":0,"2":1,"3":0,"4":1,"5":0,"6":1,"7":0},"f":{"0":0,"1":0,"2":0,"3":0},"b":{},"_coverageSchema":"332fd63041d2c1bcb487cc26dd0d5f7d97098a6c","hash":"908f22ebd2244f05fc8d1dfe22b0fa96b8c54129"}
,"C:\\Users\\Avi\\cits.io-api\\rest-server\\src\\components\\auth\\authControllers.js": {"path":"C:\\Users\\Avi\\cits.io-api\\rest-server\\src\\components\\auth\\authControllers.js","statementMap":{"0":{"start":{"line":7,"column":32},"end":{"line":24,"column":1}},"1":{"start":{"line":8,"column":2},"end":{"line":23,"column":3}},"2":{"start":{"line":9,"column":4},"end":{"line":9,"column":62}},"3":{"start":{"line":10,"column":21},"end":{"line":10,"column":48}},"4":{"start":{"line":11,"column":29},"end":{"line":11,"column":36}},"5":{"start":{"line":12,"column":4},"end":{"line":12,"column":86}},"6":{"start":{"line":13,"column":18},"end":{"line":13,"column":51}},"7":{"start":{"line":14,"column":4},"end":{"line":14,"column":26}},"8":{"start":{"line":15,"column":4},"end":{"line":18,"column":21}},"9":{"start":{"line":20,"column":4},"end":{"line":20,"column":45}},"10":{"start":{"line":22,"column":4},"end":{"line":22,"column":37}},"11":{"start":{"line":26,"column":31},"end":{"line":43,"column":1}},"12":{"start":{"line":27,"column":2},"end":{"line":42,"column":3}},"13":{"start":{"line":28,"column":21},"end":{"line":28,"column":47}},"14":{"start":{"line":29,"column":4},"end":{"line":29,"column":28}},"15":{"start":{"line":30,"column":29},"end":{"line":30,"column":36}},"16":{"start":{"line":31,"column":4},"end":{"line":31,"column":87}},"17":{"start":{"line":32,"column":18},"end":{"line":32,"column":51}},"18":{"start":{"line":33,"column":4},"end":{"line":33,"column":26}},"19":{"start":{"line":34,"column":4},"end":{"line":37,"column":21}},"20":{"start":{"line":39,"column":4},"end":{"line":39,"column":44}},"21":{"start":{"line":41,"column":4},"end":{"line":41,"column":37}}},"fnMap":{"0":{"name":"(anonymous_0)","decl":{"start":{"line":7,"column":32},"end":{"line":7,"column":33}},"loc":{"start":{"line":7,"column":52},"end":{"line":24,"column":1}},"line":7},"1":{"name":"(anonymous_1)","decl":{"start":{"line":26,"column":31},"end":{"line":26,"column":32}},"loc":{"start":{"line":26,"column":51},"end":{"line":43,"column":1}},"line":26}},"branchMap":{},"s":{"0":1,"1":2,"2":2,"3":2,"4":1,"5":1,"6":1,"7":1,"8":1,"9":1,"10":1,"11":1,"12":1,"13":1,"14":1,"15":1,"16":1,"17":1,"18":1,"19":1,"20":0,"21":0},"f":{"0":2,"1":1},"b":{},"_coverageSchema":"332fd63041d2c1bcb487cc26dd0d5f7d97098a6c","hash":"1c4795699f5fc1cbea4c3d13076dfe22f9846f58"}
,"C:\\Users\\Avi\\cits.io-api\\rest-server\\src\\components\\auth\\authQueries.js": {"path":"C:\\Users\\Avi\\cits.io-api\\rest-server\\src\\components\\auth\\authQueries.js","statementMap":{"0":{"start":{"line":5,"column":27},"end":{"line":15,"column":1}},"1":{"start":{"line":6,"column":2},"end":{"line":14,"column":3}},"2":{"start":{"line":7,"column":24},"end":{"line":7,"column":42}},"3":{"start":{"line":8,"column":17},"end":{"line":8,"column":49}},"4":{"start":{"line":9,"column":4},"end":{"line":9,"column":79}},"5":{"start":{"line":10,"column":4},"end":{"line":10,"column":16}},"6":{"start":{"line":12,"column":4},"end":{"line":12,"column":40}},"7":{"start":{"line":13,"column":4},"end":{"line":13,"column":25}},"8":{"start":{"line":16,"column":26},"end":{"line":26,"column":1}},"9":{"start":{"line":17,"column":2},"end":{"line":25,"column":3}},"10":{"start":{"line":18,"column":24},"end":{"line":18,"column":41}},"11":{"start":{"line":19,"column":17},"end":{"line":19,"column":49}},"12":{"start":{"line":20,"column":4},"end":{"line":20,"column":79}},"13":{"start":{"line":21,"column":4},"end":{"line":21,"column":16}},"14":{"start":{"line":23,"column":4},"end":{"line":23,"column":39}},"15":{"start":{"line":24,"column":4},"end":{"line":24,"column":25}}},"fnMap":{"0":{"name":"(anonymous_0)","decl":{"start":{"line":5,"column":27},"end":{"line":5,"column":28}},"loc":{"start":{"line":5,"column":41},"end":{"line":15,"column":1}},"line":5},"1":{"name":"(anonymous_1)","decl":{"start":{"line":16,"column":26},"end":{"line":16,"column":27}},"loc":{"start":{"line":16,"column":40},"end":{"line":26,"column":1}},"line":16}},"branchMap":{},"s":{"0":1,"1":2,"2":2,"3":2,"4":1,"5":1,"6":1,"7":1,"8":1,"9":4,"10":4,"11":4,"12":4,"13":4,"14":0,"15":0},"f":{"0":2,"1":4},"b":{},"_coverageSchema":"332fd63041d2c1bcb487cc26dd0d5f7d97098a6c","hash":"6c4a8fee0ce2e086062c064bd3ba103015506912"}
,"C:\\Users\\Avi\\cits.io-api\\rest-server\\src\\components\\auth\\authRouter.js": {"path":"C:\\Users\\Avi\\cits.io-api\\rest-server\\src\\components\\auth\\authRouter.js","statementMap":{"0":{"start":{"line":9,"column":15},"end":{"line":9,"column":31}},"1":{"start":{"line":11,"column":0},"end":{"line":13,"column":59}},"2":{"start":{"line":15,"column":0},"end":{"line":21,"column":4}}},"fnMap":{},"branchMap":{},"s":{"0":1,"1":1,"2":1},"f":{},"b":{},"_coverageSchema":"332fd63041d2c1bcb487cc26dd0d5f7d97098a6c","hash":"604ef6628168c217f2cb140d0d8bff5c0067df19"}
,"C:\\Users\\Avi\\cits.io-api\\rest-server\\src\\components\\auth\\authSQLHelpers.js": {"path":"C:\\Users\\Avi\\cits.io-api\\rest-server\\src\\components\\auth\\authSQLHelpers.js","statementMap":{"0":{"start":{"line":1,"column":28},"end":{"line":7,"column":1}},"1":{"start":{"line":2,"column":2},"end":{"line":6,"column":4}},"2":{"start":{"line":8,"column":27},"end":{"line":14,"column":1}},"3":{"start":{"line":9,"column":2},"end":{"line":13,"column":4}}},"fnMap":{"0":{"name":"(anonymous_0)","decl":{"start":{"line":1,"column":28},"end":{"line":1,"column":29}},"loc":{"start":{"line":1,"column":93},"end":{"line":7,"column":1}},"line":1},"1":{"name":"(anonymous_1)","decl":{"start":{"line":8,"column":27},"end":{"line":8,"column":28}},"loc":{"start":{"line":8,"column":45},"end":{"line":14,"column":1}},"line":8}},"branchMap":{},"s":{"0":1,"1":2,"2":1,"3":4},"f":{"0":2,"1":4},"b":{},"_coverageSchema":"332fd63041d2c1bcb487cc26dd0d5f7d97098a6c","hash":"42c6530a6371737fc51cc490ff48071c8ea329ef"}
,"C:\\Users\\Avi\\cits.io-api\\rest-server\\src\\components\\phonebook\\phonebookControllers.js": {"path":"C:\\Users\\Avi\\cits.io-api\\rest-server\\src\\components\\phonebook\\phonebookControllers.js","statementMap":{"0":{"start":{"line":6,"column":46},"end":{"line":15,"column":1}},"1":{"start":{"line":7,"column":2},"end":{"line":14,"column":3}},"2":{"start":{"line":8,"column":4},"end":{"line":8,"column":51}},"3":{"start":{"line":9,"column":21},"end":{"line":9,"column":62}},"4":{"start":{"line":10,"column":4},"end":{"line":10,"column":93}},"5":{"start":{"line":11,"column":4},"end":{"line":11,"column":41}},"6":{"start":{"line":13,"column":4},"end":{"line":13,"column":59}},"7":{"start":{"line":18,"column":48},"end":{"line":26,"column":1}},"8":{"start":{"line":19,"column":2},"end":{"line":25,"column":3}},"9":{"start":{"line":20,"column":21},"end":{"line":20,"column":66}},"10":{"start":{"line":21,"column":4},"end":{"line":21,"column":97}},"11":{"start":{"line":22,"column":4},"end":{"line":22,"column":38}},"12":{"start":{"line":24,"column":4},"end":{"line":24,"column":61}},"13":{"start":{"line":28,"column":49},"end":{"line":36,"column":1}},"14":{"start":{"line":29,"column":2},"end":{"line":35,"column":3}},"15":{"start":{"line":30,"column":21},"end":{"line":30,"column":65}},"16":{"start":{"line":31,"column":4},"end":{"line":31,"column":98}},"17":{"start":{"line":32,"column":4},"end":{"line":32,"column":38}},"18":{"start":{"line":34,"column":4},"end":{"line":34,"column":62}},"19":{"start":{"line":38,"column":49},"end":{"line":46,"column":1}},"20":{"start":{"line":39,"column":2},"end":{"line":45,"column":3}},"21":{"start":{"line":40,"column":17},"end":{"line":40,"column":63}},"22":{"start":{"line":41,"column":4},"end":{"line":41,"column":98}},"23":{"start":{"line":42,"column":4},"end":{"line":42,"column":34}},"24":{"start":{"line":44,"column":4},"end":{"line":44,"column":62}}},"fnMap":{"0":{"name":"(anonymous_0)","decl":{"start":{"line":6,"column":46},"end":{"line":6,"column":47}},"loc":{"start":{"line":6,"column":66},"end":{"line":15,"column":1}},"line":6},"1":{"name":"(anonymous_1)","decl":{"start":{"line":18,"column":48},"end":{"line":18,"column":49}},"loc":{"start":{"line":18,"column":68},"end":{"line":26,"column":1}},"line":18},"2":{"name":"(anonymous_2)","decl":{"start":{"line":28,"column":49},"end":{"line":28,"column":50}},"loc":{"start":{"line":28,"column":69},"end":{"line":36,"column":1}},"line":28},"3":{"name":"(anonymous_3)","decl":{"start":{"line":38,"column":49},"end":{"line":38,"column":50}},"loc":{"start":{"line":38,"column":69},"end":{"line":46,"column":1}},"line":38}},"branchMap":{},"s":{"0":1,"1":0,"2":0,"3":0,"4":0,"5":0,"6":0,"7":1,"8":0,"9":0,"10":0,"11":0,"12":0,"13":1,"14":0,"15":0,"16":0,"17":0,"18":0,"19":1,"20":0,"21":0,"22":0,"23":0,"24":0},"f":{"0":0,"1":0,"2":0,"3":0},"b":{},"_coverageSchema":"332fd63041d2c1bcb487cc26dd0d5f7d97098a6c","hash":"8432e7cc61b4ccf7fce053920b67bf1ee7370d5c"}
,"C:\\Users\\Avi\\cits.io-api\\rest-server\\src\\components\\phonebook\\phonebookQueries.js": {"path":"C:\\Users\\Avi\\cits.io-api\\rest-server\\src\\components\\phonebook\\phonebookQueries.js","statementMap":{"0":{"start":{"line":14,"column":41},"end":{"line":23,"column":1}},"1":{"start":{"line":15,"column":2},"end":{"line":22,"column":3}},"2":{"start":{"line":16,"column":24},"end":{"line":16,"column":56}},"3":{"start":{"line":17,"column":17},"end":{"line":17,"column":49}},"4":{"start":{"line":18,"column":4},"end":{"line":18,"column":88}},"5":{"start":{"line":19,"column":4},"end":{"line":19,"column":16}},"6":{"start":{"line":21,"column":4},"end":{"line":21,"column":54}},"7":{"start":{"line":25,"column":43},"end":{"line":34,"column":1}},"8":{"start":{"line":26,"column":2},"end":{"line":33,"column":3}},"9":{"start":{"line":27,"column":24},"end":{"line":27,"column":60}},"10":{"start":{"line":28,"column":17},"end":{"line":28,"column":49}},"11":{"start":{"line":29,"column":4},"end":{"line":29,"column":92}},"12":{"start":{"line":30,"column":4},"end":{"line":30,"column":16}},"13":{"start":{"line":32,"column":4},"end":{"line":32,"column":56}},"14":{"start":{"line":36,"column":44},"end":{"line":45,"column":1}},"15":{"start":{"line":37,"column":2},"end":{"line":44,"column":3}},"16":{"start":{"line":38,"column":24},"end":{"line":38,"column":59}},"17":{"start":{"line":39,"column":17},"end":{"line":39,"column":49}},"18":{"start":{"line":40,"column":4},"end":{"line":40,"column":93}},"19":{"start":{"line":41,"column":4},"end":{"line":41,"column":16}},"20":{"start":{"line":43,"column":4},"end":{"line":43,"column":57}},"21":{"start":{"line":47,"column":44},"end":{"line":56,"column":1}},"22":{"start":{"line":48,"column":2},"end":{"line":55,"column":3}},"23":{"start":{"line":49,"column":24},"end":{"line":49,"column":61}},"24":{"start":{"line":50,"column":17},"end":{"line":50,"column":49}},"25":{"start":{"line":51,"column":4},"end":{"line":51,"column":99}},"26":{"start":{"line":52,"column":4},"end":{"line":52,"column":16}},"27":{"start":{"line":54,"column":4},"end":{"line":54,"column":57}}},"fnMap":{"0":{"name":"(anonymous_0)","decl":{"start":{"line":14,"column":41},"end":{"line":14,"column":42}},"loc":{"start":{"line":14,"column":57},"end":{"line":23,"column":1}},"line":14},"1":{"name":"(anonymous_1)","decl":{"start":{"line":25,"column":43},"end":{"line":25,"column":44}},"loc":{"start":{"line":25,"column":61},"end":{"line":34,"column":1}},"line":25},"2":{"name":"(anonymous_2)","decl":{"start":{"line":36,"column":44},"end":{"line":36,"column":45}},"loc":{"start":{"line":36,"column":60},"end":{"line":45,"column":1}},"line":36},"3":{"name":"(anonymous_3)","decl":{"start":{"line":47,"column":44},"end":{"line":47,"column":45}},"loc":{"start":{"line":47,"column":62},"end":{"line":56,"column":1}},"line":47}},"branchMap":{},"s":{"0":1,"1":0,"2":0,"3":0,"4":0,"5":0,"6":0,"7":1,"8":0,"9":0,"10":0,"11":0,"12":0,"13":0,"14":1,"15":0,"16":0,"17":0,"18":0,"19":0,"20":0,"21":1,"22":0,"23":0,"24":0,"25":0,"26":0,"27":0},"f":{"0":0,"1":0,"2":0,"3":0},"b":{},"_coverageSchema":"332fd63041d2c1bcb487cc26dd0d5f7d97098a6c","hash":"31c373989abda0636bfcb0ae74d9aebc2ae8a3bc"}
,"C:\\Users\\Avi\\cits.io-api\\rest-server\\src\\components\\phonebook\\phonebookRouter.js": {"path":"C:\\Users\\Avi\\cits.io-api\\rest-server\\src\\components\\phonebook\\phonebookRouter.js","statementMap":{"0":{"start":{"line":9,"column":15},"end":{"line":9,"column":31}},"1":{"start":{"line":13,"column":0},"end":{"line":15,"column":34}},"2":{"start":{"line":16,"column":0},"end":{"line":17,"column":41}},"3":{"start":{"line":18,"column":0},"end":{"line":20,"column":37}},"4":{"start":{"line":21,"column":0},"end":{"line":22,"column":45}}},"fnMap":{},"branchMap":{},"s":{"0":1,"1":1,"2":1,"3":1,"4":1},"f":{},"b":{},"_coverageSchema":"332fd63041d2c1bcb487cc26dd0d5f7d97098a6c","hash":"52c907d2e3b7dcefc4e21d1b9bf9490b68117feb"}
,"C:\\Users\\Avi\\cits.io-api\\rest-server\\src\\components\\phonebook\\phonebookSQLHelpers.js": {"path":"C:\\Users\\Avi\\cits.io-api\\rest-server\\src\\components\\phonebook\\phonebookSQLHelpers.js","statementMap":{"0":{"start":{"line":1,"column":42},"end":{"line":7,"column":1}},"1":{"start":{"line":2,"column":2},"end":{"line":6,"column":4}},"2":{"start":{"line":9,"column":44},"end":{"line":15,"column":1}},"3":{"start":{"line":10,"column":2},"end":{"line":14,"column":4}},"4":{"start":{"line":17,"column":45},"end":{"line":24,"column":1}},"5":{"start":{"line":18,"column":2},"end":{"line":23,"column":4}},"6":{"start":{"line":26,"column":45},"end":{"line":31,"column":1}},"7":{"start":{"line":27,"column":2},"end":{"line":30,"column":3}}},"fnMap":{"0":{"name":"(anonymous_0)","decl":{"start":{"line":1,"column":42},"end":{"line":1,"column":43}},"loc":{"start":{"line":1,"column":93},"end":{"line":7,"column":1}},"line":1},"1":{"name":"(anonymous_1)","decl":{"start":{"line":9,"column":44},"end":{"line":9,"column":45}},"loc":{"start":{"line":9,"column":62},"end":{"line":15,"column":1}},"line":9},"2":{"name":"(anonymous_2)","decl":{"start":{"line":17,"column":45},"end":{"line":17,"column":46}},"loc":{"start":{"line":17,"column":88},"end":{"line":24,"column":1}},"line":17},"3":{"name":"(anonymous_3)","decl":{"start":{"line":26,"column":45},"end":{"line":26,"column":46}},"loc":{"start":{"line":26,"column":57},"end":{"line":31,"column":1}},"line":26}},"branchMap":{},"s":{"0":1,"1":0,"2":1,"3":0,"4":1,"5":0,"6":1,"7":0},"f":{"0":0,"1":0,"2":0,"3":0},"b":{},"_coverageSchema":"332fd63041d2c1bcb487cc26dd0d5f7d97098a6c","hash":"a33a82d3840df487af2dfd13d6c3b45d0978453e"}
,"C:\\Users\\Avi\\cits.io-api\\rest-server\\src\\components\\property\\propertyControllers.js": {"path":"C:\\Users\\Avi\\cits.io-api\\rest-server\\src\\components\\property\\propertyControllers.js","statementMap":{"0":{"start":{"line":6,"column":37},"end":{"line":18,"column":1}},"1":{"start":{"line":7,"column":2},"end":{"line":17,"column":3}},"2":{"start":{"line":8,"column":21},"end":{"line":8,"column":53}},"3":{"start":{"line":9,"column":42},"end":{"line":9,"column":49}},"4":{"start":{"line":10,"column":4},"end":{"line":10,"column":92}},"5":{"start":{"line":11,"column":4},"end":{"line":13,"column":21}},"6":{"start":{"line":15,"column":4},"end":{"line":15,"column":50}},"7":{"start":{"line":16,"column":4},"end":{"line":16,"column":37}},"8":{"start":{"line":20,"column":37},"end":{"line":31,"column":1}},"9":{"start":{"line":21,"column":2},"end":{"line":30,"column":3}},"10":{"start":{"line":22,"column":21},"end":{"line":22,"column":54}},"11":{"start":{"line":23,"column":4},"end":{"line":23,"column":92}},"12":{"start":{"line":24,"column":4},"end":{"line":26,"column":21}},"13":{"start":{"line":28,"column":4},"end":{"line":28,"column":50}},"14":{"start":{"line":29,"column":4},"end":{"line":29,"column":37}}},"fnMap":{"0":{"name":"(anonymous_0)","decl":{"start":{"line":6,"column":37},"end":{"line":6,"column":38}},"loc":{"start":{"line":6,"column":57},"end":{"line":18,"column":1}},"line":6},"1":{"name":"(anonymous_1)","decl":{"start":{"line":20,"column":37},"end":{"line":20,"column":38}},"loc":{"start":{"line":20,"column":57},"end":{"line":31,"column":1}},"line":20}},"branchMap":{},"s":{"0":1,"1":0,"2":0,"3":0,"4":0,"5":0,"6":0,"7":0,"8":1,"9":0,"10":0,"11":0,"12":0,"13":0,"14":0},"f":{"0":0,"1":0},"b":{},"_coverageSchema":"332fd63041d2c1bcb487cc26dd0d5f7d97098a6c","hash":"1b70ff9ff08f07cca6fe8dd46f92e5b53bb247e6"}
,"C:\\Users\\Avi\\cits.io-api\\rest-server\\src\\components\\property\\propertyQueries.js": {"path":"C:\\Users\\Avi\\cits.io-api\\rest-server\\src\\components\\property\\propertyQueries.js","statementMap":{"0":{"start":{"line":6,"column":32},"end":{"line":16,"column":1}},"1":{"start":{"line":7,"column":2},"end":{"line":15,"column":3}},"2":{"start":{"line":8,"column":24},"end":{"line":8,"column":47}},"3":{"start":{"line":9,"column":17},"end":{"line":9,"column":49}},"4":{"start":{"line":10,"column":4},"end":{"line":10,"column":79}},"5":{"start":{"line":11,"column":4},"end":{"line":11,"column":16}},"6":{"start":{"line":13,"column":4},"end":{"line":13,"column":40}},"7":{"start":{"line":14,"column":4},"end":{"line":14,"column":25}},"8":{"start":{"line":18,"column":32},"end":{"line":28,"column":1}},"9":{"start":{"line":19,"column":2},"end":{"line":27,"column":3}},"10":{"start":{"line":20,"column":24},"end":{"line":20,"column":47}},"11":{"start":{"line":21,"column":17},"end":{"line":21,"column":49}},"12":{"start":{"line":22,"column":4},"end":{"line":22,"column":78}},"13":{"start":{"line":23,"column":4},"end":{"line":23,"column":16}},"14":{"start":{"line":25,"column":4},"end":{"line":25,"column":40}},"15":{"start":{"line":26,"column":4},"end":{"line":26,"column":25}}},"fnMap":{"0":{"name":"(anonymous_0)","decl":{"start":{"line":6,"column":32},"end":{"line":6,"column":33}},"loc":{"start":{"line":6,"column":46},"end":{"line":16,"column":1}},"line":6},"1":{"name":"(anonymous_1)","decl":{"start":{"line":18,"column":32},"end":{"line":18,"column":33}},"loc":{"start":{"line":18,"column":46},"end":{"line":28,"column":1}},"line":18}},"branchMap":{},"s":{"0":1,"1":0,"2":0,"3":0,"4":0,"5":0,"6":0,"7":0,"8":1,"9":0,"10":0,"11":0,"12":0,"13":0,"14":0,"15":0},"f":{"0":0,"1":0},"b":{},"_coverageSchema":"332fd63041d2c1bcb487cc26dd0d5f7d97098a6c","hash":"96e85651ca34b1cf112749a662c856542b2ec143"}
,"C:\\Users\\Avi\\cits.io-api\\rest-server\\src\\components\\property\\propertyRouter.js": {"path":"C:\\Users\\Avi\\cits.io-api\\rest-server\\src\\components\\property\\propertyRouter.js","statementMap":{"0":{"start":{"line":7,"column":15},"end":{"line":7,"column":31}},"1":{"start":{"line":9,"column":0},"end":{"line":14,"column":4}},"2":{"start":{"line":16,"column":0},"end":{"line":21,"column":4}}},"fnMap":{},"branchMap":{},"s":{"0":1,"1":1,"2":1},"f":{},"b":{},"_coverageSchema":"332fd63041d2c1bcb487cc26dd0d5f7d97098a6c","hash":"be83a46ecd4efb6d33fd3ea5e53c60c1b9fab561"}
,"C:\\Users\\Avi\\cits.io-api\\rest-server\\src\\components\\property\\propertySQLHelpers.js": {"path":"C:\\Users\\Avi\\cits.io-api\\rest-server\\src\\components\\property\\propertySQLHelpers.js","statementMap":{"0":{"start":{"line":1,"column":33},"end":{"line":7,"column":1}},"1":{"start":{"line":2,"column":2},"end":{"line":6,"column":4}},"2":{"start":{"line":9,"column":33},"end":{"line":15,"column":1}},"3":{"start":{"line":10,"column":2},"end":{"line":14,"column":4}}},"fnMap":{"0":{"name":"(anonymous_0)","decl":{"start":{"line":1,"column":33},"end":{"line":1,"column":34}},"loc":{"start":{"line":1,"column":68},"end":{"line":7,"column":1}},"line":1},"1":{"name":"(anonymous_1)","decl":{"start":{"line":9,"column":33},"end":{"line":9,"column":34}},"loc":{"start":{"line":9,"column":47},"end":{"line":15,"column":1}},"line":9}},"branchMap":{},"s":{"0":1,"1":0,"2":1,"3":0},"f":{"0":0,"1":0},"b":{},"_coverageSchema":"332fd63041d2c1bcb487cc26dd0d5f7d97098a6c","hash":"082cb1a10c050b7972ca03879702a01322fed347"}
,"C:\\Users\\Avi\\cits.io-api\\rest-server\\src\\config\\database\\index.js": {"path":"C:\\Users\\Avi\\cits.io-api\\rest-server\\src\\config\\database\\index.js","statementMap":{"0":{"start":{"line":1,"column":0},"end":{"line":1,"column":27}},"1":{"start":{"line":11,"column":15},"end":{"line":18,"column":1}},"2":{"start":{"line":20,"column":11},"end":{"line":20,"column":27}},"3":{"start":{"line":22,"column":0},"end":{"line":24,"column":3}},"4":{"start":{"line":23,"column":2},"end":{"line":23,"column":59}},"5":{"start":{"line":26,"column":0},"end":{"line":28,"column":3}},"6":{"start":{"line":27,"column":2},"end":{"line":27,"column":50}},"7":{"start":{"line":30,"column":0},"end":{"line":32,"column":3}},"8":{"start":{"line":31,"column":2},"end":{"line":31,"column":29}},"9":{"start":{"line":34,"column":0},"end":{"line":34,"column":13}},"10":{"start":{"line":36,"column":0},"end":{"line":36,"column":25}}},"fnMap":{"0":{"name":"(anonymous_0)","decl":{"start":{"line":22,"column":17},"end":{"line":22,"column":18}},"loc":{"start":{"line":22,"column":23},"end":{"line":24,"column":1}},"line":22},"1":{"name":"(anonymous_1)","decl":{"start":{"line":26,"column":16},"end":{"line":26,"column":17}},"loc":{"start":{"line":26,"column":26},"end":{"line":28,"column":1}},"line":26},"2":{"name":"(anonymous_2)","decl":{"start":{"line":30,"column":15},"end":{"line":30,"column":16}},"loc":{"start":{"line":30,"column":24},"end":{"line":32,"column":1}},"line":30}},"branchMap":{"0":{"loc":{"start":{"line":12,"column":8},"end":{"line":12,"column":93}},"type":"cond-expr","locations":[{"start":{"line":12,"column":48},"end":{"line":12,"column":68}},{"start":{"line":12,"column":71},"end":{"line":12,"column":93}}],"line":12},"1":{"loc":{"start":{"line":13,"column":8},"end":{"line":13,"column":93}},"type":"cond-expr","locations":[{"start":{"line":13,"column":48},"end":{"line":13,"column":68}},{"start":{"line":13,"column":71},"end":{"line":13,"column":93}}],"line":13},"2":{"loc":{"start":{"line":14,"column":12},"end":{"line":14,"column":105}},"type":"cond-expr","locations":[{"start":{"line":14,"column":52},"end":{"line":14,"column":76}},{"start":{"line":14,"column":79},"end":{"line":14,"column":105}}],"line":14},"3":{"loc":{"start":{"line":15,"column":12},"end":{"line":15,"column":105}},"type":"cond-expr","locations":[{"start":{"line":15,"column":52},"end":{"line":15,"column":76}},{"start":{"line":15,"column":79},"end":{"line":15,"column":105}}],"line":15},"4":{"loc":{"start":{"line":16,"column":8},"end":{"line":16,"column":93}},"type":"cond-expr","locations":[{"start":{"line":16,"column":48},"end":{"line":16,"column":68}},{"start":{"line":16,"column":71},"end":{"line":16,"column":93}}],"line":16}},"s":{"0":1,"1":1,"2":1,"3":1,"4":5,"5":1,"6":3,"7":1,"8":0,"9":1,"10":1},"f":{"0":5,"1":3,"2":0},"b":{"0":[0,1],"1":[0,1],"2":[0,1],"3":[0,1],"4":[0,1]},"_coverageSchema":"332fd63041d2c1bcb487cc26dd0d5f7d97098a6c","hash":"2fa5faf7a97dabbaf24146b698e83f151d78cc47"}
,"C:\\Users\\Avi\\cits.io-api\\rest-server\\src\\config\\express\\index.js": {"path":"C:\\Users\\Avi\\cits.io-api\\rest-server\\src\\config\\express\\index.js","statementMap":{"0":{"start":{"line":8,"column":19},"end":{"line":16,"column":1}},"1":{"start":{"line":20,"column":4},"end":{"line":20,"column":29}},"2":{"start":{"line":21,"column":4},"end":{"line":21,"column":27}},"3":{"start":{"line":22,"column":4},"end":{"line":22,"column":23}},"4":{"start":{"line":26,"column":4},"end":{"line":26,"column":36}},"5":{"start":{"line":30,"column":4},"end":{"line":30,"column":37}}},"fnMap":{"0":{"name":"(anonymous_0)","decl":{"start":{"line":19,"column":2},"end":{"line":19,"column":3}},"loc":{"start":{"line":19,"column":16},"end":{"line":23,"column":3}},"line":19},"1":{"name":"(anonymous_1)","decl":{"start":{"line":25,"column":2},"end":{"line":25,"column":3}},"loc":{"start":{"line":25,"column":20},"end":{"line":27,"column":3}},"line":25},"2":{"name":"(anonymous_2)","decl":{"start":{"line":29,"column":2},"end":{"line":29,"column":3}},"loc":{"start":{"line":29,"column":16},"end":{"line":31,"column":3}},"line":29}},"branchMap":{},"s":{"0":1,"1":1,"2":1,"3":1,"4":1,"5":1},"f":{"0":1,"1":1,"2":1},"b":{},"_coverageSchema":"332fd63041d2c1bcb487cc26dd0d5f7d97098a6c","hash":"d1e732953c67ec63db3089165562790dd05f9e7a"}
,"C:\\Users\\Avi\\cits.io-api\\rest-server\\src\\lib\\SQL\\index.js": {"path":"C:\\Users\\Avi\\cits.io-api\\rest-server\\src\\lib\\SQL\\index.js","statementMap":{"0":{"start":{"line":1,"column":0},"end":{"line":1,"column":27}},"1":{"start":{"line":9,"column":17},"end":{"line":9,"column":110}},"2":{"start":{"line":11,"column":30},"end":{"line":20,"column":1}},"3":{"start":{"line":12,"column":2},"end":{"line":19,"column":3}},"4":{"start":{"line":13,"column":4},"end":{"line":15,"column":6}},"5":{"start":{"line":16,"column":4},"end":{"line":16,"column":55}},"6":{"start":{"line":18,"column":4},"end":{"line":18,"column":43}},"7":{"start":{"line":22,"column":28},"end":{"line":31,"column":1}},"8":{"start":{"line":23,"column":2},"end":{"line":30,"column":3}},"9":{"start":{"line":24,"column":4},"end":{"line":26,"column":6}},"10":{"start":{"line":27,"column":4},"end":{"line":27,"column":56}},"11":{"start":{"line":29,"column":4},"end":{"line":29,"column":43}},"12":{"start":{"line":33,"column":27},"end":{"line":42,"column":1}},"13":{"start":{"line":34,"column":2},"end":{"line":41,"column":3}},"14":{"start":{"line":35,"column":4},"end":{"line":37,"column":6}},"15":{"start":{"line":38,"column":4},"end":{"line":38,"column":54}},"16":{"start":{"line":40,"column":4},"end":{"line":40,"column":40}},"17":{"start":{"line":44,"column":31},"end":{"line":66,"column":1}},"18":{"start":{"line":45,"column":2},"end":{"line":65,"column":3}},"19":{"start":{"line":46,"column":4},"end":{"line":61,"column":6}},"20":{"start":{"line":62,"column":4},"end":{"line":62,"column":48}},"21":{"start":{"line":64,"column":4},"end":{"line":64,"column":46}},"22":{"start":{"line":68,"column":29},"end":{"line":77,"column":1}},"23":{"start":{"line":69,"column":2},"end":{"line":76,"column":3}},"24":{"start":{"line":70,"column":4},"end":{"line":72,"column":6}},"25":{"start":{"line":73,"column":4},"end":{"line":73,"column":48}},"26":{"start":{"line":75,"column":4},"end":{"line":75,"column":46}},"27":{"start":{"line":79,"column":35},"end":{"line":98,"column":1}},"28":{"start":{"line":80,"column":2},"end":{"line":97,"column":3}},"29":{"start":{"line":81,"column":4},"end":{"line":93,"column":6}},"30":{"start":{"line":94,"column":4},"end":{"line":94,"column":53}},"31":{"start":{"line":96,"column":4},"end":{"line":96,"column":50}},"32":{"start":{"line":100,"column":33},"end":{"line":109,"column":1}},"33":{"start":{"line":101,"column":2},"end":{"line":108,"column":3}},"34":{"start":{"line":102,"column":4},"end":{"line":104,"column":6}},"35":{"start":{"line":105,"column":4},"end":{"line":105,"column":53}},"36":{"start":{"line":107,"column":4},"end":{"line":107,"column":51}},"37":{"start":{"line":111,"column":36},"end":{"line":133,"column":1}},"38":{"start":{"line":112,"column":2},"end":{"line":132,"column":3}},"39":{"start":{"line":113,"column":4},"end":{"line":128,"column":6}},"40":{"start":{"line":129,"column":4},"end":{"line":129,"column":53}},"41":{"start":{"line":131,"column":4},"end":{"line":131,"column":51}},"42":{"start":{"line":135,"column":34},"end":{"line":144,"column":1}},"43":{"start":{"line":136,"column":2},"end":{"line":143,"column":3}},"44":{"start":{"line":137,"column":4},"end":{"line":139,"column":6}},"45":{"start":{"line":140,"column":4},"end":{"line":140,"column":53}},"46":{"start":{"line":142,"column":4},"end":{"line":142,"column":51}},"47":{"start":{"line":146,"column":34},"end":{"line":172,"column":1}},"48":{"start":{"line":147,"column":2},"end":{"line":171,"column":3}},"49":{"start":{"line":148,"column":4},"end":{"line":167,"column":6}},"50":{"start":{"line":168,"column":4},"end":{"line":168,"column":51}},"51":{"start":{"line":170,"column":4},"end":{"line":170,"column":49}},"52":{"start":{"line":174,"column":32},"end":{"line":183,"column":1}},"53":{"start":{"line":175,"column":2},"end":{"line":182,"column":3}},"54":{"start":{"line":176,"column":4},"end":{"line":178,"column":6}},"55":{"start":{"line":179,"column":4},"end":{"line":179,"column":51}},"56":{"start":{"line":181,"column":4},"end":{"line":181,"column":49}}},"fnMap":{"0":{"name":"(anonymous_0)","decl":{"start":{"line":11,"column":30},"end":{"line":11,"column":31}},"loc":{"start":{"line":11,"column":42},"end":{"line":20,"column":1}},"line":11},"1":{"name":"(anonymous_1)","decl":{"start":{"line":22,"column":28},"end":{"line":22,"column":29}},"loc":{"start":{"line":22,"column":40},"end":{"line":31,"column":1}},"line":22},"2":{"name":"(anonymous_2)","decl":{"start":{"line":33,"column":27},"end":{"line":33,"column":28}},"loc":{"start":{"line":33,"column":39},"end":{"line":42,"column":1}},"line":33},"3":{"name":"(anonymous_3)","decl":{"start":{"line":44,"column":31},"end":{"line":44,"column":32}},"loc":{"start":{"line":44,"column":43},"end":{"line":66,"column":1}},"line":44},"4":{"name":"(anonymous_4)","decl":{"start":{"line":68,"column":29},"end":{"line":68,"column":30}},"loc":{"start":{"line":68,"column":41},"end":{"line":77,"column":1}},"line":68},"5":{"name":"(anonymous_5)","decl":{"start":{"line":79,"column":35},"end":{"line":79,"column":36}},"loc":{"start":{"line":79,"column":47},"end":{"line":98,"column":1}},"line":79},"6":{"name":"(anonymous_6)","decl":{"start":{"line":100,"column":33},"end":{"line":100,"column":34}},"loc":{"start":{"line":100,"column":45},"end":{"line":109,"column":1}},"line":100},"7":{"name":"(anonymous_7)","decl":{"start":{"line":111,"column":36},"end":{"line":111,"column":37}},"loc":{"start":{"line":111,"column":48},"end":{"line":133,"column":1}},"line":111},"8":{"name":"(anonymous_8)","decl":{"start":{"line":135,"column":34},"end":{"line":135,"column":35}},"loc":{"start":{"line":135,"column":46},"end":{"line":144,"column":1}},"line":135},"9":{"name":"(anonymous_9)","decl":{"start":{"line":146,"column":34},"end":{"line":146,"column":35}},"loc":{"start":{"line":146,"column":46},"end":{"line":172,"column":1}},"line":146},"10":{"name":"(anonymous_10)","decl":{"start":{"line":174,"column":32},"end":{"line":174,"column":33}},"loc":{"start":{"line":174,"column":44},"end":{"line":183,"column":1}},"line":174}},"branchMap":{"0":{"loc":{"start":{"line":9,"column":17},"end":{"line":9,"column":110}},"type":"cond-expr","locations":[{"start":{"line":9,"column":57},"end":{"line":9,"column":81}},{"start":{"line":9,"column":84},"end":{"line":9,"column":110}}],"line":9}},"s":{"0":1,"1":1,"2":1,"3":1,"4":1,"5":0,"6":1,"7":1,"8":1,"9":1,"10":0,"11":1,"12":1,"13":0,"14":0,"15":0,"16":0,"17":1,"18":1,"19":1,"20":1,"21":0,"22":1,"23":1,"24":1,"25":1,"26":0,"27":1,"28":1,"29":1,"30":1,"31":0,"32":1,"33":1,"34":1,"35":1,"36":0,"37":1,"38":1,"39":1,"40":1,"41":0,"42":1,"43":1,"44":1,"45":1,"46":0,"47":1,"48":0,"49":0,"50":0,"51":0,"52":1,"53":0,"54":0,"55":0,"56":0},"f":{"0":1,"1":1,"2":0,"3":1,"4":1,"5":1,"6":1,"7":1,"8":1,"9":0,"10":0},"b":{"0":[0,1]},"_coverageSchema":"332fd63041d2c1bcb487cc26dd0d5f7d97098a6c","hash":"ecb88bbcfa70a3bd57ae2cdb2e22eab1b12b716c"}
,"C:\\Users\\Avi\\cits.io-api\\rest-server\\src\\lib\\log\\index.js": {"path":"C:\\Users\\Avi\\cits.io-api\\rest-server\\src\\lib\\log\\index.js","statementMap":{"0":{"start":{"line":3,"column":23},"end":{"line":7,"column":1}},"1":{"start":{"line":4,"column":2},"end":{"line":6,"column":3}},"2":{"start":{"line":5,"column":4},"end":{"line":5,"column":58}},"3":{"start":{"line":9,"column":23},"end":{"line":13,"column":1}},"4":{"start":{"line":10,"column":2},"end":{"line":12,"column":3}},"5":{"start":{"line":11,"column":4},"end":{"line":11,"column":59}},"6":{"start":{"line":15,"column":21},"end":{"line":19,"column":1}},"7":{"start":{"line":16,"column":2},"end":{"line":18,"column":3}},"8":{"start":{"line":17,"column":4},"end":{"line":17,"column":56}},"9":{"start":{"line":21,"column":19},"end":{"line":25,"column":1}},"10":{"start":{"line":22,"column":2},"end":{"line":24,"column":3}},"11":{"start":{"line":23,"column":4},"end":{"line":23,"column":58}}},"fnMap":{"0":{"name":"(anonymous_0)","decl":{"start":{"line":3,"column":23},"end":{"line":3,"column":24}},"loc":{"start":{"line":3,"column":35},"end":{"line":7,"column":1}},"line":3},"1":{"name":"(anonymous_1)","decl":{"start":{"line":9,"column":23},"end":{"line":9,"column":24}},"loc":{"start":{"line":9,"column":35},"end":{"line":13,"column":1}},"line":9},"2":{"name":"(anonymous_2)","decl":{"start":{"line":15,"column":21},"end":{"line":15,"column":22}},"loc":{"start":{"line":15,"column":33},"end":{"line":19,"column":1}},"line":15},"3":{"name":"(anonymous_3)","decl":{"start":{"line":21,"column":19},"end":{"line":21,"column":20}},"loc":{"start":{"line":21,"column":31},"end":{"line":25,"column":1}},"line":21}},"branchMap":{"0":{"loc":{"start":{"line":4,"column":2},"end":{"line":6,"column":3}},"type":"if","locations":[{"start":{"line":4,"column":2},"end":{"line":6,"column":3}},{"start":{"line":4,"column":2},"end":{"line":6,"column":3}}],"line":4},"1":{"loc":{"start":{"line":10,"column":2},"end":{"line":12,"column":3}},"type":"if","locations":[{"start":{"line":10,"column":2},"end":{"line":12,"column":3}},{"start":{"line":10,"column":2},"end":{"line":12,"column":3}}],"line":10},"2":{"loc":{"start":{"line":16,"column":2},"end":{"line":18,"column":3}},"type":"if","locations":[{"start":{"line":16,"column":2},"end":{"line":18,"column":3}},{"start":{"line":16,"column":2},"end":{"line":18,"column":3}}],"line":16},"3":{"loc":{"start":{"line":22,"column":2},"end":{"line":24,"column":3}},"type":"if","locations":[{"start":{"line":22,"column":2},"end":{"line":24,"column":3}},{"start":{"line":22,"column":2},"end":{"line":24,"column":3}}],"line":22}},"s":{"0":1,"1":22,"2":22,"3":1,"4":0,"5":0,"6":1,"7":4,"8":4,"9":1,"10":0,"11":0},"f":{"0":22,"1":0,"2":4,"3":0},"b":{"0":[22,0],"1":[0,0],"2":[4,0],"3":[0,0]},"_coverageSchema":"332fd63041d2c1bcb487cc26dd0d5f7d97098a6c","hash":"b5b5adb74116dd97677078401da56010929187dd"}
,"C:\\Users\\Avi\\cits.io-api\\rest-server\\src\\middleware\\auth\\bcrypt.js": {"path":"C:\\Users\\Avi\\cits.io-api\\rest-server\\src\\middleware\\auth\\bcrypt.js","statementMap":{"0":{"start":{"line":3,"column":28},"end":{"line":7,"column":1}},"1":{"start":{"line":4,"column":15},"end":{"line":4,"column":65}},"2":{"start":{"line":5,"column":17},"end":{"line":5,"column":43}},"3":{"start":{"line":6,"column":2},"end":{"line":6,"column":16}},"4":{"start":{"line":9,"column":32},"end":{"line":12,"column":1}},"5":{"start":{"line":10,"column":17},"end":{"line":10,"column":46}},"6":{"start":{"line":11,"column":2},"end":{"line":11,"column":16}}},"fnMap":{"0":{"name":"(anonymous_0)","decl":{"start":{"line":3,"column":28},"end":{"line":3,"column":29}},"loc":{"start":{"line":3,"column":48},"end":{"line":7,"column":1}},"line":3},"1":{"name":"(anonymous_1)","decl":{"start":{"line":9,"column":32},"end":{"line":9,"column":33}},"loc":{"start":{"line":9,"column":58},"end":{"line":12,"column":1}},"line":9}},"branchMap":{},"s":{"0":1,"1":2,"2":2,"3":2,"4":1,"5":2,"6":2},"f":{"0":2,"1":2},"b":{},"_coverageSchema":"332fd63041d2c1bcb487cc26dd0d5f7d97098a6c","hash":"31f5bcd8ce37c03f41f7d79803ba064d28a9e8d3"}
,"C:\\Users\\Avi\\cits.io-api\\rest-server\\src\\middleware\\auth\\jwt.js": {"path":"C:\\Users\\Avi\\cits.io-api\\rest-server\\src\\middleware\\auth\\jwt.js","statementMap":{"0":{"start":{"line":4,"column":29},"end":{"line":14,"column":1}},"1":{"start":{"line":5,"column":16},"end":{"line":5,"column":18}},"2":{"start":{"line":6,"column":18},"end":{"line":10,"column":3}},"3":{"start":{"line":11,"column":2},"end":{"line":11,"column":65}},"4":{"start":{"line":13,"column":2},"end":{"line":13,"column":15}}},"fnMap":{"0":{"name":"(anonymous_0)","decl":{"start":{"line":4,"column":29},"end":{"line":4,"column":30}},"loc":{"start":{"line":4,"column":53},"end":{"line":14,"column":1}},"line":4}},"branchMap":{},"s":{"0":1,"1":2,"2":2,"3":2,"4":2},"f":{"0":2},"b":{},"_coverageSchema":"332fd63041d2c1bcb487cc26dd0d5f7d97098a6c","hash":"c531afd756b6095f88240cd4041673a26e759eed"}
,"C:\\Users\\Avi\\cits.io-api\\rest-server\\src\\middleware\\validation\\passport.js": {"path":"C:\\Users\\Avi\\cits.io-api\\rest-server\\src\\middleware\\validation\\passport.js","statementMap":{"0":{"start":{"line":12,"column":22},"end":{"line":12,"column":36}},"1":{"start":{"line":16,"column":21},"end":{"line":16,"column":23}},"2":{"start":{"line":23,"column":0},"end":{"line":37,"column":4}},"3":{"start":{"line":24,"column":2},"end":{"line":36,"column":3}},"4":{"start":{"line":25,"column":21},"end":{"line":25,"column":51}},"5":{"start":{"line":26,"column":4},"end":{"line":28,"column":5}},"6":{"start":{"line":27,"column":6},"end":{"line":27,"column":67}},"7":{"start":{"line":29,"column":27},"end":{"line":29,"column":77}},"8":{"start":{"line":30,"column":4},"end":{"line":32,"column":5}},"9":{"start":{"line":31,"column":6},"end":{"line":31,"column":67}},"10":{"start":{"line":33,"column":4},"end":{"line":33,"column":28}},"11":{"start":{"line":35,"column":4},"end":{"line":35,"column":21}}},"fnMap":{"0":{"name":"(anonymous_0)","decl":{"start":{"line":23,"column":45},"end":{"line":23,"column":46}},"loc":{"start":{"line":23,"column":81},"end":{"line":37,"column":1}},"line":23}},"branchMap":{"0":{"loc":{"start":{"line":26,"column":4},"end":{"line":28,"column":5}},"type":"if","locations":[{"start":{"line":26,"column":4},"end":{"line":28,"column":5}},{"start":{"line":26,"column":4},"end":{"line":28,"column":5}}],"line":26},"1":{"loc":{"start":{"line":30,"column":4},"end":{"line":32,"column":5}},"type":"if","locations":[{"start":{"line":30,"column":4},"end":{"line":32,"column":5}},{"start":{"line":30,"column":4},"end":{"line":32,"column":5}}],"line":30}},"s":{"0":1,"1":1,"2":1,"3":3,"4":3,"5":3,"6":1,"7":2,"8":2,"9":1,"10":1,"11":0},"f":{"0":3},"b":{"0":[1,2],"1":[1,1]},"_coverageSchema":"332fd63041d2c1bcb487cc26dd0d5f7d97098a6c","hash":"4e55bdc6f7b807773461f937bc04fdeedd0f71a6"}
,"C:\\Users\\Avi\\cits.io-api\\rest-server\\src\\middleware\\validation\\request-validation.js": {"path":"C:\\Users\\Avi\\cits.io-api\\rest-server\\src\\middleware\\validation\\request-validation.js","statementMap":{},"fnMap":{},"branchMap":{},"s":{},"f":{},"b":{},"_coverageSchema":"332fd63041d2c1bcb487cc26dd0d5f7d97098a6c","hash":"46c08bdc81f0ad09c5e9d17ec4dcc003d34fcfb8"}
,"C:\\Users\\Avi\\cits.io-api\\rest-server\\src\\routes\\index.js": {"path":"C:\\Users\\Avi\\cits.io-api\\rest-server\\src\\routes\\index.js","statementMap":{"0":{"start":{"line":8,"column":15},"end":{"line":8,"column":31}},"1":{"start":{"line":10,"column":0},"end":{"line":10,"column":32}},"2":{"start":{"line":14,"column":0},"end":{"line":14,"column":39}},"3":{"start":{"line":15,"column":0},"end":{"line":15,"column":43}},"4":{"start":{"line":16,"column":0},"end":{"line":16,"column":42}}},"fnMap":{},"branchMap":{},"s":{"0":1,"1":1,"2":1,"3":1,"4":1},"f":{},"b":{},"_coverageSchema":"332fd63041d2c1bcb487cc26dd0d5f7d97098a6c","hash":"4ec05e06dcd910b2380083e8f771e56f61075f53"}
}
