TN:
SF:C:\Users\Avi\cits.io-api\rest-server\src\index.js
FN:11,(anonymous_0)
FNF:1
FNH:1
FNDA:1,(anonymous_0)
DA:6,1
DA:8,1
DA:9,1
DA:11,1
DA:12,1
DA:13,1
LF:6
LH:6
BRDA:9,0,0,1
BRDA:9,0,1,0
BRDA:12,1,0,0
BRDA:12,1,1,1
BRF:4
BRH:2
end_of_record
TN:
SF:C:\Users\Avi\cits.io-api\rest-server\src\components\articles\articlesControllers.js
FN:10,(anonymous_0)
FN:21,(anonymous_1)
FN:34,(anonymous_2)
FN:44,(anonymous_3)
FNF:4
FNH:0
FNDA:0,(anonymous_0)
FNDA:0,(anonymous_1)
FNDA:0,(anonymous_2)
FNDA:0,(anonymous_3)
DA:10,1
DA:11,0
DA:12,0
DA:13,0
DA:14,0
DA:15,0
DA:17,0
DA:21,1
DA:22,0
DA:23,0
DA:24,0
DA:25,0
DA:26,0
DA:27,0
DA:28,0
DA:30,0
DA:34,1
DA:35,0
DA:36,0
DA:37,0
DA:38,0
DA:40,0
DA:44,1
DA:45,0
DA:46,0
DA:47,0
DA:48,0
DA:50,0
LF:28
LH:4
BRF:0
BRH:0
end_of_record
TN:
SF:C:\Users\Avi\cits.io-api\rest-server\src\components\articles\articlesQueries.js
FN:5,(anonymous_0)
FN:17,(anonymous_1)
FN:33,(anonymous_2)
FN:46,(anonymous_3)
FNF:4
FNH:0
FNDA:0,(anonymous_0)
FNDA:0,(anonymous_1)
FNDA:0,(anonymous_2)
FNDA:0,(anonymous_3)
DA:5,1
DA:6,0
DA:7,0
DA:8,0
DA:9,0
DA:10,0
DA:12,0
DA:13,0
DA:17,1
DA:18,0
DA:19,0
DA:20,0
DA:21,0
DA:22,0
DA:24,0
DA:25,0
DA:26,0
DA:28,0
DA:29,0
DA:33,1
DA:34,0
DA:35,0
DA:36,0
DA:37,0
DA:38,0
DA:40,0
DA:41,0
DA:46,1
DA:47,0
DA:48,0
DA:49,0
DA:50,0
DA:51,0
DA:53,0
DA:54,0
LF:35
LH:4
BRF:0
BRH:0
end_of_record
TN:
SF:C:\Users\Avi\cits.io-api\rest-server\src\components\articles\articlesRouter.js
FNF:0
FNH:0
DA:12,1
DA:14,1
DA:18,1
DA:22,1
DA:26,1
LF:5
LH:5
BRF:0
BRH:0
end_of_record
TN:
SF:C:\Users\Avi\cits.io-api\rest-server\src\components\articles\articlesSQLHelpers.js
FN:1,(anonymous_0)
FN:9,(anonymous_1)
FN:21,(anonymous_2)
FN:28,(anonymous_3)
FNF:4
FNH:0
FNDA:0,(anonymous_0)
FNDA:0,(anonymous_1)
FNDA:0,(anonymous_2)
FNDA:0,(anonymous_3)
DA:1,1
DA:2,0
DA:9,1
DA:10,0
DA:21,1
DA:22,0
DA:28,1
DA:29,0
LF:8
LH:4
BRF:0
BRH:0
end_of_record
TN:
SF:C:\Users\Avi\cits.io-api\rest-server\src\components\auth\authControllers.js
FN:7,(anonymous_0)
FN:26,(anonymous_1)
FNF:2
FNH:2
FNDA:2,(anonymous_0)
FNDA:1,(anonymous_1)
DA:7,1
DA:8,2
DA:9,2
DA:10,2
DA:11,1
DA:12,1
DA:13,1
DA:14,1
DA:15,1
DA:20,1
DA:22,1
DA:26,1
DA:27,1
DA:28,1
DA:29,1
DA:30,1
DA:31,1
DA:32,1
DA:33,1
DA:34,1
DA:39,0
DA:41,0
LF:22
LH:20
BRF:0
BRH:0
end_of_record
TN:
SF:C:\Users\Avi\cits.io-api\rest-server\src\components\auth\authQueries.js
FN:5,(anonymous_0)
FN:16,(anonymous_1)
FNF:2
FNH:2
FNDA:2,(anonymous_0)
FNDA:4,(anonymous_1)
DA:5,1
DA:6,2
DA:7,2
DA:8,2
DA:9,1
DA:10,1
DA:12,1
DA:13,1
DA:16,1
DA:17,4
DA:18,4
DA:19,4
DA:20,4
DA:21,4
DA:23,0
DA:24,0
LF:16
LH:14
BRF:0
BRH:0
end_of_record
TN:
SF:C:\Users\Avi\cits.io-api\rest-server\src\components\auth\authRouter.js
FNF:0
FNH:0
DA:9,1
DA:11,1
DA:15,1
LF:3
LH:3
BRF:0
BRH:0
end_of_record
TN:
SF:C:\Users\Avi\cits.io-api\rest-server\src\components\auth\authSQLHelpers.js
FN:1,(anonymous_0)
FN:8,(anonymous_1)
FNF:2
FNH:2
FNDA:2,(anonymous_0)
FNDA:4,(anonymous_1)
DA:1,1
DA:2,2
DA:8,1
DA:9,4
LF:4
LH:4
BRF:0
BRH:0
end_of_record
TN:
SF:C:\Users\Avi\cits.io-api\rest-server\src\components\phonebook\phonebookControllers.js
FN:6,(anonymous_0)
FN:18,(anonymous_1)
FN:28,(anonymous_2)
FN:38,(anonymous_3)
FNF:4
FNH:0
FNDA:0,(anonymous_0)
FNDA:0,(anonymous_1)
FNDA:0,(anonymous_2)
FNDA:0,(anonymous_3)
DA:6,1
DA:7,0
DA:8,0
DA:9,0
DA:10,0
DA:11,0
DA:13,0
DA:18,1
DA:19,0
DA:20,0
DA:21,0
DA:22,0
DA:24,0
DA:28,1
DA:29,0
DA:30,0
DA:31,0
DA:32,0
DA:34,0
DA:38,1
DA:39,0
DA:40,0
DA:41,0
DA:42,0
DA:44,0
LF:25
LH:4
BRF:0
BRH:0
end_of_record
TN:
SF:C:\Users\Avi\cits.io-api\rest-server\src\components\phonebook\phonebookQueries.js
FN:14,(anonymous_0)
FN:25,(anonymous_1)
FN:36,(anonymous_2)
FN:47,(anonymous_3)
FNF:4
FNH:0
FNDA:0,(anonymous_0)
FNDA:0,(anonymous_1)
FNDA:0,(anonymous_2)
FNDA:0,(anonymous_3)
DA:14,1
DA:15,0
DA:16,0
DA:17,0
DA:18,0
DA:19,0
DA:21,0
DA:25,1
DA:26,0
DA:27,0
DA:28,0
DA:29,0
DA:30,0
DA:32,0
DA:36,1
DA:37,0
DA:38,0
DA:39,0
DA:40,0
DA:41,0
DA:43,0
DA:47,1
DA:48,0
DA:49,0
DA:50,0
DA:51,0
DA:52,0
DA:54,0
LF:28
LH:4
BRF:0
BRH:0
end_of_record
TN:
SF:C:\Users\Avi\cits.io-api\rest-server\src\components\phonebook\phonebookRouter.js
FNF:0
FNH:0
DA:9,1
DA:13,1
DA:16,1
DA:18,1
DA:21,1
LF:5
LH:5
BRF:0
BRH:0
end_of_record
TN:
SF:C:\Users\Avi\cits.io-api\rest-server\src\components\phonebook\phonebookSQLHelpers.js
FN:1,(anonymous_0)
FN:9,(anonymous_1)
FN:17,(anonymous_2)
FN:26,(anonymous_3)
FNF:4
FNH:0
FNDA:0,(anonymous_0)
FNDA:0,(anonymous_1)
FNDA:0,(anonymous_2)
FNDA:0,(anonymous_3)
DA:1,1
DA:2,0
DA:9,1
DA:10,0
DA:17,1
DA:18,0
DA:26,1
DA:27,0
LF:8
LH:4
BRF:0
BRH:0
end_of_record
TN:
SF:C:\Users\Avi\cits.io-api\rest-server\src\components\property\propertyControllers.js
FN:6,(anonymous_0)
FN:20,(anonymous_1)
FNF:2
FNH:0
FNDA:0,(anonymous_0)
FNDA:0,(anonymous_1)
DA:6,1
DA:7,0
DA:8,0
DA:9,0
DA:10,0
DA:11,0
DA:15,0
DA:16,0
DA:20,1
DA:21,0
DA:22,0
DA:23,0
DA:24,0
DA:28,0
DA:29,0
LF:15
LH:2
BRF:0
BRH:0
end_of_record
TN:
SF:C:\Users\Avi\cits.io-api\rest-server\src\components\property\propertyQueries.js
FN:6,(anonymous_0)
FN:18,(anonymous_1)
FNF:2
FNH:0
FNDA:0,(anonymous_0)
FNDA:0,(anonymous_1)
DA:6,1
DA:7,0
DA:8,0
DA:9,0
DA:10,0
DA:11,0
DA:13,0
DA:14,0
DA:18,1
DA:19,0
DA:20,0
DA:21,0
DA:22,0
DA:23,0
DA:25,0
DA:26,0
LF:16
LH:2
BRF:0
BRH:0
end_of_record
TN:
SF:C:\Users\Avi\cits.io-api\rest-server\src\components\property\propertyRouter.js
FNF:0
FNH:0
DA:7,1
DA:9,1
DA:16,1
LF:3
LH:3
BRF:0
BRH:0
end_of_record
TN:
SF:C:\Users\Avi\cits.io-api\rest-server\src\components\property\propertySQLHelpers.js
FN:1,(anonymous_0)
FN:9,(anonymous_1)
FNF:2
FNH:0
FNDA:0,(anonymous_0)
FNDA:0,(anonymous_1)
DA:1,1
DA:2,0
DA:9,1
DA:10,0
LF:4
LH:2
BRF:0
BRH:0
end_of_record
TN:
SF:C:\Users\Avi\cits.io-api\rest-server\src\config\database\index.js
FN:22,(anonymous_0)
FN:26,(anonymous_1)
FN:30,(anonymous_2)
FNF:3
FNH:2
FNDA:5,(anonymous_0)
FNDA:3,(anonymous_1)
FNDA:0,(anonymous_2)
DA:1,1
DA:11,1
DA:20,1
DA:22,1
DA:23,5
DA:26,1
DA:27,3
DA:30,1
DA:31,0
DA:34,1
DA:36,1
LF:11
LH:10
BRDA:12,0,0,0
BRDA:12,0,1,1
BRDA:13,1,0,0
BRDA:13,1,1,1
BRDA:14,2,0,0
BRDA:14,2,1,1
BRDA:15,3,0,0
BRDA:15,3,1,1
BRDA:16,4,0,0
BRDA:16,4,1,1
BRF:10
BRH:5
end_of_record
TN:
SF:C:\Users\Avi\cits.io-api\rest-server\src\config\express\index.js
FN:19,(anonymous_0)
FN:25,(anonymous_1)
FN:29,(anonymous_2)
FNF:3
FNH:3
FNDA:1,(anonymous_0)
FNDA:1,(anonymous_1)
FNDA:1,(anonymous_2)
DA:8,1
DA:20,1
DA:21,1
DA:22,1
DA:26,1
DA:30,1
LF:6
LH:6
BRF:0
BRH:0
end_of_record
TN:
SF:C:\Users\Avi\cits.io-api\rest-server\src\lib\SQL\index.js
FN:11,(anonymous_0)
FN:22,(anonymous_1)
FN:33,(anonymous_2)
FN:44,(anonymous_3)
FN:68,(anonymous_4)
FN:79,(anonymous_5)
FN:100,(anonymous_6)
FN:111,(anonymous_7)
FN:135,(anonymous_8)
FN:146,(anonymous_9)
FN:174,(anonymous_10)
FNF:11
FNH:8
FNDA:1,(anonymous_0)
FNDA:1,(anonymous_1)
FNDA:0,(anonymous_2)
FNDA:1,(anonymous_3)
FNDA:1,(anonymous_4)
FNDA:1,(anonymous_5)
FNDA:1,(anonymous_6)
FNDA:1,(anonymous_7)
FNDA:1,(anonymous_8)
FNDA:0,(anonymous_9)
FNDA:0,(anonymous_10)
DA:1,1
DA:9,1
DA:11,1
DA:12,1
DA:13,1
DA:16,0
DA:18,1
DA:22,1
DA:23,1
DA:24,1
DA:27,0
DA:29,1
DA:33,1
DA:34,0
DA:35,0
DA:38,0
DA:40,0
DA:44,1
DA:45,1
DA:46,1
DA:62,1
DA:64,0
DA:68,1
DA:69,1
DA:70,1
DA:73,1
DA:75,0
DA:79,1
DA:80,1
DA:81,1
DA:94,1
DA:96,0
DA:100,1
DA:101,1
DA:102,1
DA:105,1
DA:107,0
DA:111,1
DA:112,1
DA:113,1
DA:129,1
DA:131,0
DA:135,1
DA:136,1
DA:137,1
DA:140,1
DA:142,0
DA:146,1
DA:147,0
DA:148,0
DA:168,0
DA:170,0
DA:174,1
DA:175,0
DA:176,0
DA:179,0
DA:181,0
LF:57
LH:37
BRDA:9,0,0,0
BRDA:9,0,1,1
BRF:2
BRH:1
end_of_record
TN:
SF:C:\Users\Avi\cits.io-api\rest-server\src\lib\log\index.js
FN:3,(anonymous_0)
FN:9,(anonymous_1)
FN:15,(anonymous_2)
FN:21,(anonymous_3)
FNF:4
FNH:2
FNDA:22,(anonymous_0)
FNDA:0,(anonymous_1)
FNDA:4,(anonymous_2)
FNDA:0,(anonymous_3)
DA:3,1
DA:4,22
DA:5,22
DA:9,1
DA:10,0
DA:11,0
DA:15,1
DA:16,4
DA:17,4
DA:21,1
DA:22,0
DA:23,0
LF:12
LH:8
BRDA:4,0,0,22
BRDA:4,0,1,0
BRDA:10,1,0,0
BRDA:10,1,1,0
BRDA:16,2,0,4
BRDA:16,2,1,0
BRDA:22,3,0,0
BRDA:22,3,1,0
BRF:8
BRH:2
end_of_record
TN:
SF:C:\Users\Avi\cits.io-api\rest-server\src\middleware\auth\bcrypt.js
FN:3,(anonymous_0)
FN:9,(anonymous_1)
FNF:2
FNH:2
FNDA:2,(anonymous_0)
FNDA:2,(anonymous_1)
DA:3,1
DA:4,2
DA:5,2
DA:6,2
DA:9,1
DA:10,2
DA:11,2
LF:7
LH:7
BRF:0
BRH:0
end_of_record
TN:
SF:C:\Users\Avi\cits.io-api\rest-server\src\middleware\auth\jwt.js
FN:4,(anonymous_0)
FNF:1
FNH:1
FNDA:2,(anonymous_0)
DA:4,1
DA:5,2
DA:6,2
DA:11,2
DA:13,2
LF:5
LH:5
BRF:0
BRH:0
end_of_record
TN:
SF:C:\Users\Avi\cits.io-api\rest-server\src\middleware\validation\passport.js
FN:23,(anonymous_0)
FNF:1
FNH:1
FNDA:3,(anonymous_0)
DA:12,1
DA:16,1
DA:23,1
DA:24,3
DA:25,3
DA:26,3
DA:27,1
DA:29,2
DA:30,2
DA:31,1
DA:33,1
DA:35,0
LF:12
LH:11
BRDA:26,0,0,1
BRDA:26,0,1,2
BRDA:30,1,0,1
BRDA:30,1,1,1
BRF:4
BRH:4
end_of_record
TN:
SF:C:\Users\Avi\cits.io-api\rest-server\src\middleware\validation\request-validation.js
FNF:0
FNH:0
LF:0
LH:0
BRF:0
BRH:0
end_of_record
TN:
SF:C:\Users\Avi\cits.io-api\rest-server\src\routes\index.js
FNF:0
FNH:0
DA:8,1
DA:10,1
DA:14,1
DA:15,1
DA:16,1
LF:5
LH:5
BRF:0
BRH:0
end_of_record
